<?xml version="1.0" encoding="UTF-8"?>
<testsuites name="Mocha Tests" time="1123.3560" tests="70" failures="4">
  <testsuite name="Root Suite" timestamp="2022-08-30T09:32:51" tests="0" file="cypress\e2e\actividad.feature" time="0.0000" failures="0">
  </testsuite>
  <testsuite name="Actividades Caixa" timestamp="2022-08-30T09:32:51" tests="70" time="1123.3560" failures="4">
    <testcase name="Actividades Caixa Acceso a dominio  con acceso público para un usuario anónimo" time="18.9730" classname="Acceso a dominio  con acceso público para un usuario anónimo">
    </testcase>
    <testcase name="Actividades Caixa Ir al menú superior &quot;Actividades&quot; (example #1)" time="0.0000" classname="Ir al menú superior &quot;Actividades&quot; (example #1)">
      <failure message="Timed out retrying after 4000ms: Expected to find element: `#onetrust-accept-btn-handler`, but never found it." type="AssertionError"><![CDATA[AssertionError: Timed out retrying after 4000ms: Expected to find element: `#onetrust-accept-btn-handler`, but never found it.
    at homePage.acceptCookies (https://pre.educaixa.org/__cypress/tests?p=cypress\e2e\actividad.feature:578:86)
    at Context.eval (https://pre.educaixa.org/__cypress/tests?p=cypress\e2e\actividad.feature:48:64)
    at Registry.runStepDefininition (https://pre.educaixa.org/__cypress/tests?p=cypress\e2e\actividad.feature:1716:46)
    at Context.eval (https://pre.educaixa.org/__cypress/tests?p=cypress\e2e\actividad.feature:1224:49)]]></failure>
    </testcase>
    <testcase name="Actividades Caixa Seleccionar una actividad (example #1)" time="0.0000" classname="Seleccionar una actividad (example #1)">
      <failure message="Timed out retrying after 4000ms: Expected to find element: `#onetrust-accept-btn-handler`, but never found it." type="AssertionError"><![CDATA[AssertionError: Timed out retrying after 4000ms: Expected to find element: `#onetrust-accept-btn-handler`, but never found it.
    at homePage.acceptCookies (https://pre.educaixa.org/__cypress/tests?p=cypress\e2e\actividad.feature:578:86)
    at Context.eval (https://pre.educaixa.org/__cypress/tests?p=cypress\e2e\actividad.feature:39:64)
    at Registry.runStepDefininition (https://pre.educaixa.org/__cypress/tests?p=cypress\e2e\actividad.feature:1716:46)
    at Context.eval (https://pre.educaixa.org/__cypress/tests?p=cypress\e2e\actividad.feature:1224:49)]]></failure>
    </testcase>
    <testcase name="Actividades Caixa Card Ficha Actividad se muestra título de la actividad (example #1)" time="25.5460" classname="Card Ficha Actividad se muestra título de la actividad (example #1)">
    </testcase>
    <testcase name="Actividades Caixa Card Ficha Actividad se muestra subtítulo de la actividad (example #1)" time="9.9110" classname="Card Ficha Actividad se muestra subtítulo de la actividad (example #1)">
    </testcase>
    <testcase name="Actividades Caixa Card Ficha Actividad se muestra precio actividad de forma dinámica (example #1)" time="11.7810" classname="Card Ficha Actividad se muestra precio actividad de forma dinámica (example #1)">
    </testcase>
    <testcase name="Actividades Caixa Card Ficha Actividad - Se muestra  de forma dinámica el texto &quot;para poder acceder a la actividad es necesario adquirir la entrada al museo&quot; - Para cosmoCaixa (example #1)" time="13.7330" classname="Card Ficha Actividad - Se muestra  de forma dinámica el texto &quot;para poder acceder a la actividad es necesario adquirir la entrada al museo&quot; - Para cosmoCaixa (example #1)">
    </testcase>
    <testcase name="Actividades Caixa Card Ficha Actividad Se muestra promociones de forma dinámica. (example #1)" time="13.3360" classname="Card Ficha Actividad Se muestra promociones de forma dinámica. (example #1)">
    </testcase>
    <testcase name="Actividades Caixa Card Ficha Actividad se muestra el aforo (example #1)" time="12.6830" classname="Card Ficha Actividad se muestra el aforo (example #1)">
    </testcase>
    <testcase name="Actividades Caixa Card Ficha Actividad se muestra la duración de la actividad (example #1)" time="7.9660" classname="Card Ficha Actividad se muestra la duración de la actividad (example #1)">
    </testcase>
    <testcase name="Actividades Caixa Card Ficha Actividad se muestra la valoración de la actividad (example #1)" time="4.7200" classname="Card Ficha Actividad se muestra la valoración de la actividad (example #1)">
    </testcase>
    <testcase name="Actividades Caixa Card Ficha Actividad se muestra el boton compartir (example #1)" time="7.8650" classname="Card Ficha Actividad se muestra el boton compartir (example #1)">
    </testcase>
    <testcase name="Actividades Caixa Card Ficha Actividad se muestra el boton guardar actividad (example #1)" time="16.4840" classname="Card Ficha Actividad se muestra el boton guardar actividad (example #1)">
    </testcase>
    <testcase name="Actividades Caixa Card Ficha Actividad se muestra el nivel educativo para poder realizar la actividad (example #1)" time="15.8790" classname="Card Ficha Actividad se muestra el nivel educativo para poder realizar la actividad (example #1)">
    </testcase>
    <testcase name="Actividades Caixa Card Ficha Actividad se muestra el área de conocimiento (example #1)" time="8.0030" classname="Card Ficha Actividad se muestra el área de conocimiento (example #1)">
    </testcase>
    <testcase name="Actividades Caixa Card Ficha Actividad se muestran las competencias de la actividad (example #1)" time="7.7360" classname="Card Ficha Actividad se muestran las competencias de la actividad (example #1)">
    </testcase>
    <testcase name="Actividades Caixa Ficha de Actividad - Selector de centro usuario anónimo (example #1)" time="13.5280" classname="Ficha de Actividad - Selector de centro usuario anónimo (example #1)">
    </testcase>
    <testcase name="Actividades Caixa Ficha de Actividad- Check &quot;Selecciona para establecer centro de preferencia&quot; (example #1)" time="11.2450" classname="Ficha de Actividad- Check &quot;Selecciona para establecer centro de preferencia&quot; (example #1)">
    </testcase>
    <testcase name="Actividades Caixa Ficha de Actividad - Botón Reserva (example #1)" time="14.5750" classname="Ficha de Actividad - Botón Reserva (example #1)">
    </testcase>
    <testcase name="Actividades Caixa Ficha de Actividad - Sesiones disponibles de la actividad (example #1)" time="12.9970" classname="Ficha de Actividad - Sesiones disponibles de la actividad (example #1)">
    </testcase>
    <testcase name="Actividades Caixa Ficha de Actividad - Selector de centro usuario logeado (example #1)" time="0.0000" classname="Ficha de Actividad - Selector de centro usuario logeado (example #1)">
      <failure message="Timed out retrying after 4000ms: expected &apos;&lt;div#center-selection-check.center-selection-check&gt;&apos; to be &apos;visible&apos;

This element `&lt;div#center-selection-check.center-selection-check&gt;` is not visible because it has CSS property: `display: none`" type="AssertionError"><![CDATA[AssertionError: Timed out retrying after 4000ms: expected '<div#center-selection-check.center-selection-check>' to be 'visible'

This element `<div#center-selection-check.center-selection-check>` is not visible because it has CSS property: `display: none`
    at Context.eval (https://pre.educaixa.org/__cypress/tests?p=cypress\e2e\actividad.feature:201:127)
    at Registry.runStepDefininition (https://pre.educaixa.org/__cypress/tests?p=cypress\e2e\actividad.feature:1716:46)
    at Context.eval (https://pre.educaixa.org/__cypress/tests?p=cypress\e2e\actividad.feature:1224:49)]]></failure>
    </testcase>
    <testcase name="Actividades Caixa Ficha de Actividad - Selector de actividad que no existe en el centro preferente (example #1)" time="24.2150" classname="Ficha de Actividad - Selector de actividad que no existe en el centro preferente (example #1)">
    </testcase>
    <testcase name="Actividades Caixa Ficha de Actividad - Selector de actividad que existe en el centro preferente (example #1)" time="22.0550" classname="Ficha de Actividad - Selector de actividad que existe en el centro preferente (example #1)">
    </testcase>
    <testcase name="Actividades Caixa Ficha de Actividad- Check &quot;Selecciona para establecer centro de preferencia&quot; (no tengo centro de preferencia en mi perfil) (example #1)" time="40.0830" classname="Ficha de Actividad- Check &quot;Selecciona para establecer centro de preferencia&quot; (no tengo centro de preferencia en mi perfil) (example #1)">
    </testcase>
    <testcase name="Actividades Caixa Ficha de Actividad- Check &quot;Selecciona para establecer centro de preferencia&quot; (tengo centro de preferencia en mi perfil) (example #1)" time="39.8150" classname="Ficha de Actividad- Check &quot;Selecciona para establecer centro de preferencia&quot; (tengo centro de preferencia en mi perfil) (example #1)">
    </testcase>
    <testcase name="Actividades Caixa Ficha de Actividad - Sesiones disponibles de la actividad (usuario logeado) (example #1)" time="29.4710" classname="Ficha de Actividad - Sesiones disponibles de la actividad (usuario logeado) (example #1)">
    </testcase>
    <testcase name="Actividades Caixa Ir al menú superior &quot;Actividades&quot; (usuario logeado) (example #1)" time="22.3370" classname="Ir al menú superior &quot;Actividades&quot; (usuario logeado) (example #1)">
    </testcase>
    <testcase name="Actividades Caixa Seleccionar una actividad (usuario logeado) (example #1)" time="18.2850" classname="Seleccionar una actividad (usuario logeado) (example #1)">
    </testcase>
    <testcase name="Actividades Caixa Card Ficha Actividad se muestra título de la actividad (usuario logeado) (example #1)" time="19.3700" classname="Card Ficha Actividad se muestra título de la actividad (usuario logeado) (example #1)">
    </testcase>
    <testcase name="Actividades Caixa Card Ficha Actividad se muestra subtítulo de la actividad (usuario logeado) (example #1)" time="19.5960" classname="Card Ficha Actividad se muestra subtítulo de la actividad (usuario logeado) (example #1)">
    </testcase>
    <testcase name="Actividades Caixa Card Ficha Actividad se muestra precio actividad de forma dinámica (usuario logeado) (example #1)" time="21.9150" classname="Card Ficha Actividad se muestra precio actividad de forma dinámica (usuario logeado) (example #1)">
    </testcase>
    <testcase name="Actividades Caixa Card Ficha Actividad - Se muestra  de forma dinámica el texto &quot;para poder acceder a la actividad es necesario adquirir la entrada al museo&quot; - Para cosmoCaixa (example #1)" time="21.6510" classname="Card Ficha Actividad - Se muestra  de forma dinámica el texto &quot;para poder acceder a la actividad es necesario adquirir la entrada al museo&quot; - Para cosmoCaixa (example #1)">
    </testcase>
    <testcase name="Actividades Caixa Card Ficha Actividad Se muestra promociones de forma dinámica (usuario logeado) (example #1)" time="23.5050" classname="Card Ficha Actividad Se muestra promociones de forma dinámica (usuario logeado) (example #1)">
    </testcase>
    <testcase name="Actividades Caixa Card Ficha Actividad se muestra el aforo (usuario logeado) (example #1)" time="19.2880" classname="Card Ficha Actividad se muestra el aforo (usuario logeado) (example #1)">
    </testcase>
    <testcase name="Actividades Caixa Card Ficha Actividad se muestra la duración de la actividad (usuario logeado) (example #1)" time="18.3620" classname="Card Ficha Actividad se muestra la duración de la actividad (usuario logeado) (example #1)">
    </testcase>
    <testcase name="Actividades Caixa Card Ficha Actividad se muestra la valoración de la actividad (usuario logeado) (example #1)" time="18.1310" classname="Card Ficha Actividad se muestra la valoración de la actividad (usuario logeado) (example #1)">
    </testcase>
    <testcase name="Actividades Caixa Card Ficha Actividad se muestra el boton compartir (usuario logeado) (example #1)" time="14.5380" classname="Card Ficha Actividad se muestra el boton compartir (usuario logeado) (example #1)">
    </testcase>
    <testcase name="Actividades Caixa Card Ficha Actividad se muestra el boton guardar actividad (usuario logeado) (example #1)" time="35.9870" classname="Card Ficha Actividad se muestra el boton guardar actividad (usuario logeado) (example #1)">
    </testcase>
    <testcase name="Actividades Caixa Card Ficha Actividad se muestra el nivel educativo para poder realizar la actividad (usuario logeado) (example #1)" time="18.3050" classname="Card Ficha Actividad se muestra el nivel educativo para poder realizar la actividad (usuario logeado) (example #1)">
    </testcase>
    <testcase name="Actividades Caixa Card Ficha Actividad se muestra el área de conocimiento (usuario logeado) (example #1)" time="21.1740" classname="Card Ficha Actividad se muestra el área de conocimiento (usuario logeado) (example #1)">
    </testcase>
    <testcase name="Actividades Caixa Card Ficha Actividad se muestran las competencias de la actividad (usuario logeado) (example #1)" time="22.4590" classname="Card Ficha Actividad se muestran las competencias de la actividad (usuario logeado) (example #1)">
    </testcase>
    <testcase name="Actividades Caixa Boton atras (example #1)" time="24.5060" classname="Boton atras (example #1)">
    </testcase>
    <testcase name="Actividades Caixa Ficha de Actividad - Botón Reserva (usuario logeado) (example #1)" time="26.7220" classname="Ficha de Actividad - Botón Reserva (usuario logeado) (example #1)">
    </testcase>
    <testcase name="Actividades Caixa Ficha actividad - Descripción de la actividad (example #1)" time="9.0170" classname="Ficha actividad - Descripción de la actividad (example #1)">
    </testcase>
    <testcase name="Actividades Caixa Ficha actividad - Objetivios de la actividad (example #1)" time="15.4780" classname="Ficha actividad - Objetivios de la actividad (example #1)">
    </testcase>
    <testcase name="Actividades Caixa Ficha de actividad - Materiales y descargas (example #1)" time="9.1410" classname="Ficha de actividad - Materiales y descargas (example #1)">
    </testcase>
    <testcase name="Actividades Caixa Ficha de actividad - Abrir material (example #1)" time="8.6850" classname="Ficha de actividad - Abrir material (example #1)">
    </testcase>
    <testcase name="Actividades Caixa Ficha de actividad - Información Actividad (example #1)" time="8.4690" classname="Ficha de actividad - Información Actividad (example #1)">
    </testcase>
    <testcase name="Actividades Caixa Ficha de actividad - Valoración (example #1)" time="9.9140" classname="Ficha de actividad - Valoración (example #1)">
    </testcase>
    <testcase name="Actividades Caixa Ficha de actividad - boton &quot;Valora y Comenta&quot; (example #1)" time="10.7090" classname="Ficha de actividad - boton &quot;Valora y Comenta&quot; (example #1)">
    </testcase>
    <testcase name="Actividades Caixa Ficha actividad - Descripción de la actividad (usuario logeado) (example #1)" time="18.3430" classname="Ficha actividad - Descripción de la actividad (usuario logeado) (example #1)">
    </testcase>
    <testcase name="Actividades Caixa Ficha actividad - Objetivios de la actividad (usuario logeado) (example #1)" time="16.8190" classname="Ficha actividad - Objetivios de la actividad (usuario logeado) (example #1)">
    </testcase>
    <testcase name="Actividades Caixa Ficha de actividad - Materiales y descargas (usuario logeado) (example #1)" time="20.9890" classname="Ficha de actividad - Materiales y descargas (usuario logeado) (example #1)">
    </testcase>
    <testcase name="Actividades Caixa Ficha de actividad - Abrir material (usuario logeado) (example #1)" time="18.0550" classname="Ficha de actividad - Abrir material (usuario logeado) (example #1)">
    </testcase>
    <testcase name="Actividades Caixa Ficha de actividad - Información Actividad (usuario logeado) (example #1)" time="19.5710" classname="Ficha de actividad - Información Actividad (usuario logeado) (example #1)">
    </testcase>
    <testcase name="Actividades Caixa Ficha de actividad - Valoración (usuario logeado) (example #1)" time="17.7370" classname="Ficha de actividad - Valoración (usuario logeado) (example #1)">
    </testcase>
    <testcase name="Actividades Caixa Ficha de actividad - boton &quot;Valora y Comenta&quot; (usuario logeado) (example #1)" time="17.8630" classname="Ficha de actividad - boton &quot;Valora y Comenta&quot; (usuario logeado) (example #1)">
    </testcase>
    <testcase name="Actividades Caixa Menú inferior - ¿Qué es EduCaixa? (example #1)" time="8.3320" classname="Menú inferior - ¿Qué es EduCaixa? (example #1)">
    </testcase>
    <testcase name="Actividades Caixa Menú inferior - Experiencias (example #1)" time="9.6270" classname="Menú inferior - Experiencias (example #1)">
    </testcase>
    <testcase name="Actividades Caixa Menú inferior -  Nuestros centros (example #1)" time="15.4420" classname="Menú inferior -  Nuestros centros (example #1)">
    </testcase>
    <testcase name="Actividades Caixa Menú inferior - Contacto (example #1)" time="9.1320" classname="Menú inferior - Contacto (example #1)">
    </testcase>
    <testcase name="Actividades Caixa Menú inferior - Contacto (usuario logeado) (example #1)" time="16.4530" classname="Menú inferior - Contacto (usuario logeado) (example #1)">
    </testcase>
    <testcase name="Actividades Caixa Actividad Itinerante - Seleccionar centro itinerante (enlace de Mas información) (example #1)" time="11.3610" classname="Actividad Itinerante - Seleccionar centro itinerante (enlace de Mas información) (example #1)">
    </testcase>
    <testcase name="Actividades Caixa Actividad Itinerante - Seleccionar centro itinerante (boton de Reserva) (example #1)" time="10.0330" classname="Actividad Itinerante - Seleccionar centro itinerante (boton de Reserva) (example #1)">
    </testcase>
    <testcase name="Actividades Caixa Actividad Itinerante - Pulsar link &quot;Más información&quot; (example #1)" time="10.3720" classname="Actividad Itinerante - Pulsar link &quot;Más información&quot; (example #1)">
    </testcase>
    <testcase name="Actividades Caixa Actividad Itinerante - Pulsar botón &quot;Reservar&quot; (example #1)" time="16.5890" classname="Actividad Itinerante - Pulsar botón &quot;Reservar&quot; (example #1)">
    </testcase>
    <testcase name="Actividades Caixa Actividad Itinerante - Seleccionar centro itinerante (enlace de Mas información) (usuario logeado) (example #1)" time="19.4560" classname="Actividad Itinerante - Seleccionar centro itinerante (enlace de Mas información) (usuario logeado) (example #1)">
    </testcase>
    <testcase name="Actividades Caixa Actividad Itinerante - Seleccionar centro itinerante (boton de Reserva) (usuario logeado) (example #1)" time="0.0000" classname="Actividad Itinerante - Seleccionar centro itinerante (boton de Reserva) (usuario logeado) (example #1)">
      <failure message="Timed out after waiting `300000ms` for your remote page to load.

Your page did not fire its `load` event within `300000ms`.

You can try increasing the `pageLoadTimeout` value in `jenkins\cypress.config.js` to wait longer.

Browsers will not fire the `load` event until all stylesheets and scripts are done downloading.

When this `load` event occurs, Cypress will continue running commands." type="CypressError"><![CDATA[CypressError: Timed out after waiting `300000ms` for your remote page to load.

Your page did not fire its `load` event within `300000ms`.

You can try increasing the `pageLoadTimeout` value in `jenkins\cypress.config.js` to wait longer.

Browsers will not fire the `load` event until all stylesheets and scripts are done downloading.

When this `load` event occurs, Cypress will continue running commands.
    at timedOutWaitingForPageLoad (https://pre.educaixa.org/__cypress/runner/cypress_runner.js:155461:74)
    at https://pre.educaixa.org/__cypress/runner/cypress_runner.js:155893:16
    at tryCatcher (https://pre.educaixa.org/__cypress/runner/cypress_runner.js:13012:23)
    at https://pre.educaixa.org/__cypress/runner/cypress_runner.js:8134:41
    at tryCatcher (https://pre.educaixa.org/__cypress/runner/cypress_runner.js:13012:23)
    at Promise._settlePromiseFromHandler (https://pre.educaixa.org/__cypress/runner/cypress_runner.js:10947:31)
    at Promise._settlePromise (https://pre.educaixa.org/__cypress/runner/cypress_runner.js:11004:18)
    at Promise._settlePromise0 (https://pre.educaixa.org/__cypress/runner/cypress_runner.js:11049:10)
    at Promise._settlePromises (https://pre.educaixa.org/__cypress/runner/cypress_runner.js:11125:18)
    at _drainQueueStep (https://pre.educaixa.org/__cypress/runner/cypress_runner.js:7719:12)
    at _drainQueue (https://pre.educaixa.org/__cypress/runner/cypress_runner.js:7712:9)
    at ../../node_modules/bluebird/js/release/async.js.Async._drainQueues (https://pre.educaixa.org/__cypress/runner/cypress_runner.js:7728:5)
    at Async.drainQueues (https://pre.educaixa.org/__cypress/runner/cypress_runner.js:7598:14)
From Your Spec Code:
    at homePage.login (https://pre.educaixa.org/__cypress/tests?p=cypress\e2e\actividad.feature:597:12)
    at Context.eval (https://pre.educaixa.org/__cypress/tests?p=cypress\e2e\actividad.feature:197:64)
    at Registry.runStepDefininition (https://pre.educaixa.org/__cypress/tests?p=cypress\e2e\actividad.feature:1716:46)
    at Context.eval (https://pre.educaixa.org/__cypress/tests?p=cypress\e2e\actividad.feature:1224:49)]]></failure>
    </testcase>
    <testcase name="Actividades Caixa Actividad Itinerante - Pulsar link &quot;Más información&quot; (usuario logeado) (example #1)" time="21.2410" classname="Actividad Itinerante - Pulsar link &quot;Más información&quot; (usuario logeado) (example #1)">
    </testcase>
    <testcase name="Actividades Caixa Actividad Itinerante - Pulsar botón &quot;Reservar&quot; (usuario logeado) (example #1)" time="25.7970" classname="Actividad Itinerante - Pulsar botón &quot;Reservar&quot; (usuario logeado) (example #1)">
    </testcase>
  </testsuite>
</testsuites>